TN:
SF:/Users/felipe/code/react-ecosystem-a-z/pt-br/jest/28-configuring-jest/6-collect-coverage/utils-1.js
FN:2,(anonymous_0)
FN:6,(anonymous_1)
FNF:2
FNH:1
FNDA:1,(anonymous_0)
FNDA:0,(anonymous_1)
DA:1,1
DA:3,1
DA:7,0
LF:3
LH:2
BRDA:3,0,0,1
BRDA:3,0,1,1
BRDA:7,1,0,0
BRDA:7,1,1,0
BRF:4
BRH:2
end_of_record
TN:
SF:/Users/felipe/code/react-ecosystem-a-z/pt-br/jest/28-configuring-jest/6-collect-coverage/utils-2.js
FN:2,(anonymous_0)
FN:6,(anonymous_1)
FNF:2
FNH:2
FNDA:1,(anonymous_0)
FNDA:1,(anonymous_1)
DA:1,1
DA:3,1
DA:7,1
LF:3
LH:3
BRDA:3,0,0,1
BRDA:3,0,1,1
BRDA:7,1,0,1
BRDA:7,1,1,1
BRF:4
BRH:4
end_of_record
TN:
SF:/Users/felipe/code/react-ecosystem-a-z/pt-br/jest/28-configuring-jest/6-collect-coverage/__tests__/sum.t.js
FN:1,sum
FN:8,(anonymous_1)
FNF:2
FNH:2
FNDA:1,sum
FNDA:1,(anonymous_1)
DA:2,1
DA:5,1
DA:7,1
DA:8,1
DA:9,1
LF:5
LH:5
BRDA:7,0,0,1
BRDA:7,0,1,0
BRF:2
BRH:1
end_of_record
